<?xml version="1.0" encoding="UTF-8"?>
<!-- Generated by org.testng.reporters.JUnitXMLReporter -->
<testsuite ignored="0" hostname="LAPTOP-N7JTQDTK" failures="0" tests="3" name="Test" time="15.188" errors="0" timestamp="2023-03-31T11:00:06 IST">
  <testcase classname="practice.CreateorganisationTest" name="createorg" time="7.967"/>
  <testcase classname="practice.Practice_Test" name="regress" time="0.001"/>
  <testcase classname="practice.Practice_Test" name="smoke" time="0.001"/>
</testsuite> <!-- Test -->
