<?xml version="1.0" encoding="UTF-8"?>
<!-- Generated by org.testng.reporters.JUnitXMLReporter -->
<testsuite ignored="0" hostname="LAPTOP-N7JTQDTK" failures="0" tests="12" name="Test" time="0.07" errors="0" timestamp="2023-04-01T08:04:49 IST">
  <testcase classname="practice.TestClass3" name="testmethod10" time="0.01"/>
  <testcase classname="practice.TestClass2" name="testmethod5" time="0.01"/>
  <testcase classname="practice.TestClass1" name="testmethod1" time="0.01"/>
  <testcase classname="practice.TestClass2" name="testmethod6" time="0.002"/>
  <testcase classname="practice.TestClass3" name="testmethod11" time="0.002"/>
  <testcase classname="practice.TestClass1" name="testmethod2" time="0.004"/>
  <testcase classname="practice.TestClass2" name="testmethod7" time="0.002"/>
  <testcase classname="practice.TestClass2" name="testmethod8" time="0.001"/>
  <testcase classname="practice.TestClass3" name="testmethod12" time="0.003"/>
  <testcase classname="practice.TestClass1" name="testmethod3" time="0.002"/>
  <testcase classname="practice.TestClass3" name="testmethod9" time="0.001"/>
  <testcase classname="practice.TestClass1" name="testmethod4" time="0.001"/>
</testsuite> <!-- Test -->
