<?xml version="1.0" encoding="UTF-8"?>
<!-- Generated by org.testng.reporters.JUnitXMLReporter -->
<testsuite ignored="13" hostname="LAPTOP-N7JTQDTK" failures="0" tests="2" name="Test" time="0.05" errors="0" timestamp="2023-04-01T08:20:33 IST">
  <testcase classname="practice.Practice_Test" name="smoke" time="0.008"/>
  <testcase classname="practice.TestClass1" name="testmethod1" time="0.001"/>
  <testcase classname="practice.TestClass2" name="testmethod8" time="0.0">
    <ignored/>
  </testcase> <!-- testmethod8 -->
  <testcase classname="practice.TestClass2" name="testmethod6" time="0.0">
    <ignored/>
  </testcase> <!-- testmethod6 -->
  <testcase classname="practice.TestClass2" name="testmethod7" time="0.0">
    <ignored/>
  </testcase> <!-- testmethod7 -->
  <testcase classname="practice.TestClass1" name="testmethod3" time="0.0">
    <ignored/>
  </testcase> <!-- testmethod3 -->
  <testcase classname="practice.TestClass2" name="testmethod5" time="0.0">
    <ignored/>
  </testcase> <!-- testmethod5 -->
  <testcase classname="practice.TestClass1" name="testmethod4" time="0.0">
    <ignored/>
  </testcase> <!-- testmethod4 -->
  <testcase classname="practice.Practice_Test" name="regress" time="0.0">
    <ignored/>
  </testcase> <!-- regress -->
  <testcase classname="practice.TestClass3" name="testmethod11" time="0.0">
    <ignored/>
  </testcase> <!-- testmethod11 -->
  <testcase classname="practice.TestClass3" name="testmethod12" time="0.0">
    <ignored/>
  </testcase> <!-- testmethod12 -->
  <testcase classname="practice.CreateorganisationTest" name="createorg" time="0.0">
    <ignored/>
  </testcase> <!-- createorg -->
  <testcase classname="practice.TestClass3" name="testmethod10" time="0.0">
    <ignored/>
  </testcase> <!-- testmethod10 -->
  <testcase classname="practice.TestClass1" name="testmethod2" time="0.0">
    <ignored/>
  </testcase> <!-- testmethod2 -->
  <testcase classname="practice.TestClass3" name="testmethod9" time="0.0">
    <ignored/>
  </testcase> <!-- testmethod9 -->
</testsuite> <!-- Test -->
