<?xml version="1.0" encoding="UTF-8"?>
<testng-results ignored="0" total="3" passed="3" failed="0" skipped="0">
  <reporter-output>
  </reporter-output>
  <suite started-at="2023-03-31T10:59:50 IST" name="Suite" finished-at="2023-03-31T11:00:06 IST" duration-ms="15188">
    <groups>
      <group name="regression">
        <method signature="Practice_Test.regress()[pri:0, instance:practice.Practice_Test@771a660]" name="regress" class="practice.Practice_Test"/>
      </group> <!-- regression -->
      <group name="smoke">
        <method signature="Practice_Test.smoke()[pri:0, instance:practice.Practice_Test@771a660]" name="smoke" class="practice.Practice_Test"/>
      </group> <!-- smoke -->
    </groups>
    <test started-at="2023-03-31T10:59:50 IST" name="Test" finished-at="2023-03-31T11:00:06 IST" duration-ms="15188">
      <class name="practice.CreateorganisationTest">
        <test-method is-config="true" signature="database()[pri:0, instance:practice.CreateorganisationTest@72e5a8e]" started-at="2023-03-31T10:59:50 IST" name="database" finished-at="2023-03-31T10:59:50 IST" duration-ms="3" status="PASS">
          <reporter-output>
          </reporter-output>
        </test-method> <!-- database -->
        <test-method is-config="true" signature="removedb()[pri:0, instance:practice.CreateorganisationTest@72e5a8e]" started-at="2023-03-31T10:59:50 IST" name="removedb" finished-at="2023-03-31T10:59:50 IST" duration-ms="0" status="PASS">
          <reporter-output>
          </reporter-output>
        </test-method> <!-- removedb -->
        <test-method is-config="true" signature="browser()[pri:0, instance:practice.CreateorganisationTest@72e5a8e]" started-at="2023-03-31T10:59:50 IST" name="browser" finished-at="2023-03-31T10:59:54 IST" duration-ms="3256" status="PASS">
          <reporter-output>
          </reporter-output>
        </test-method> <!-- browser -->
        <test-method is-config="true" signature="login()[pri:0, instance:practice.CreateorganisationTest@72e5a8e]" started-at="2023-03-31T10:59:54 IST" name="login" finished-at="2023-03-31T10:59:56 IST" duration-ms="2504" status="PASS">
          <reporter-output>
          </reporter-output>
        </test-method> <!-- login -->
        <test-method signature="createorg()[pri:0, instance:practice.CreateorganisationTest@72e5a8e]" started-at="2023-03-31T10:59:56 IST" name="createorg" finished-at="2023-03-31T11:00:04 IST" duration-ms="7967" status="PASS">
          <reporter-output>
          </reporter-output>
        </test-method> <!-- createorg -->
        <test-method is-config="true" signature="logout()[pri:0, instance:practice.CreateorganisationTest@72e5a8e]" started-at="2023-03-31T11:00:04 IST" name="logout" finished-at="2023-03-31T11:00:05 IST" duration-ms="1212" status="PASS">
          <reporter-output>
          </reporter-output>
        </test-method> <!-- logout -->
        <test-method is-config="true" signature="quit()[pri:0, instance:practice.CreateorganisationTest@72e5a8e]" started-at="2023-03-31T11:00:05 IST" name="quit" finished-at="2023-03-31T11:00:06 IST" duration-ms="212" status="PASS">
          <reporter-output>
          </reporter-output>
        </test-method> <!-- quit -->
      </class> <!-- practice.CreateorganisationTest -->
      <class name="practice.Practice_Test">
        <test-method signature="regress()[pri:0, instance:practice.Practice_Test@771a660]" started-at="2023-03-31T11:00:06 IST" name="regress" finished-at="2023-03-31T11:00:06 IST" duration-ms="1" status="PASS">
          <reporter-output>
          </reporter-output>
        </test-method> <!-- regress -->
        <test-method signature="smoke()[pri:0, instance:practice.Practice_Test@771a660]" started-at="2023-03-31T11:00:06 IST" name="smoke" finished-at="2023-03-31T11:00:06 IST" duration-ms="1" status="PASS">
          <reporter-output>
          </reporter-output>
        </test-method> <!-- smoke -->
      </class> <!-- practice.Practice_Test -->
    </test> <!-- Test -->
  </suite> <!-- Suite -->
</testng-results>
